





png
txt
/Users/jima/Desktop/git-master
/Users/jima/Desktop/image_test
0-rc1
/Users/jima/Desktop/railbook






png
txt
/Users/jima/Desktop/git-master
/Users/jima/Desktop/image_test
0-rc1
/Users/jima/Desktop/railbook






png
txt
/Users/jima/Desktop/git-master
/Users/jima/Desktop/image_test
0-rc1
/Users/jima/Desktop/railbook







png
png
txt
/Users/jima/Desktop/git-master
/Users/jima/Desktop/image_test
0-rc1
/Users/jima/Desktop/railbook







png
png
txt
/Users/jima/Desktop/git-master
/Users/jima/Desktop/image_test
0-rc1
/Users/jima/Desktop/railbook







png
png
txt
/Users/jima/Desktop/git-master
/Users/jima/Desktop/image_test
0-rc1
/Users/jima/Desktop/railbook








png
png
png
txt
/Users/jima/Desktop/git-master
/Users/jima/Desktop/image_test
0-rc1
/Users/jima/Desktop/railbook








png
png
png
txt
/Users/jima/Desktop/git-master
/Users/jima/Desktop/image_test
0-rc1
/Users/jima/Desktop/railbook








png
png
png
txt
/Users/jima/Desktop/git-master
/Users/jima/Desktop/image_test
0-rc1
/Users/jima/Desktop/railbook
